2023-12-31T05:23:11.120Z [authRoutes] info: Accesing the endpoint1
2023-12-31T05:23:11.130Z [userRoutes] info: Accesing the endpoint
2023-12-31T05:23:11.132Z [bookRoutes] info: Accesing the endpoint
2023-12-31T05:23:11.143Z [pilotRoutes] info: Accesing the endpoint
2023-12-31T05:27:51.850Z [authRoutes] info: Accesing the endpoint1
2023-12-31T05:27:51.861Z [userRoutes] info: Accesing the endpoint
2023-12-31T05:27:51.862Z [bookRoutes] info: Accesing the endpoint
2023-12-31T05:27:51.872Z [pilotRoutes] info: Accesing the endpoint
2023-12-31T05:28:31.632Z [authRoutes] info: Accesing the endpoint1
2023-12-31T05:28:31.643Z [userRoutes] info: Accesing the endpoint
2023-12-31T05:28:31.644Z [bookRoutes] info: Accesing the endpoint
2023-12-31T05:28:31.654Z [pilotRoutes] info: Accesing the endpoint
2023-12-31T05:29:26.262Z [authRoutes] info: Accesing the endpoint1
2023-12-31T05:29:26.274Z [userRoutes] info: Accesing the endpoint
2023-12-31T05:29:26.275Z [bookRoutes] info: Accesing the endpoint
2023-12-31T05:29:26.286Z [pilotRoutes] info: Accesing the endpoint
2023-12-31T05:30:34.898Z [authRoutes] info: Accesing the endpoint1
2023-12-31T05:30:34.908Z [userRoutes] info: Accesing the endpoint
2023-12-31T05:30:34.909Z [bookRoutes] info: Accesing the endpoint
2023-12-31T05:30:34.920Z [pilotRoutes] info: Accesing the endpoint
2023-12-31T05:31:48.572Z [authRoutes] info: Accesing the endpoint1
2023-12-31T05:31:48.582Z [userRoutes] info: Accesing the endpoint
2023-12-31T05:31:48.585Z [bookRoutes] info: Accesing the endpoint
2023-12-31T05:31:48.596Z [pilotRoutes] info: Accesing the endpoint
2023-12-31T05:34:14.517Z [authRoutes] info: Accesing the endpoint1
2023-12-31T05:34:14.527Z [userRoutes] info: Accesing the endpoint
2023-12-31T05:34:14.529Z [bookRoutes] info: Accesing the endpoint
2023-12-31T05:34:14.541Z [pilotRoutes] info: Accesing the endpoint
2023-12-31T05:35:20.446Z [authRoutes] info: Accesing the endpoint1
2023-12-31T05:35:20.456Z [userRoutes] info: Accesing the endpoint
2023-12-31T05:35:20.457Z [bookRoutes] info: Accesing the endpoint
2023-12-31T05:35:20.470Z [pilotRoutes] info: Accesing the endpoint
2023-12-31T05:38:01.920Z [authRoutes] info: Accesing the endpoint1
2023-12-31T05:38:01.932Z [userRoutes] info: Accesing the endpoint
2023-12-31T05:38:01.934Z [bookRoutes] info: Accesing the endpoint
2023-12-31T05:38:01.944Z [pilotRoutes] info: Accesing the endpoint
2023-12-31T05:43:31.988Z [authRoutes] info: Accesing the endpoint1
2023-12-31T05:43:31.999Z [userRoutes] info: Accesing the endpoint
2023-12-31T05:43:32.001Z [bookRoutes] info: Accesing the endpoint
2023-12-31T05:43:32.013Z [pilotRoutes] info: Accesing the endpoint
2023-12-31T05:53:51.211Z [authRoutes] info: Accesing the endpoint1
2023-12-31T05:53:51.222Z [userRoutes] info: Accesing the endpoint
2023-12-31T05:53:51.224Z [bookRoutes] info: Accesing the endpoint
2023-12-31T05:53:51.234Z [pilotRoutes] info: Accesing the endpoint
2023-12-31T05:55:51.552Z [authRoutes] info: Accesing the endpoint1
2023-12-31T05:55:51.563Z [userRoutes] info: Accesing the endpoint
2023-12-31T05:55:51.564Z [bookRoutes] info: Accesing the endpoint
2023-12-31T05:55:51.574Z [pilotRoutes] info: Accesing the endpoint
2023-12-31T05:58:08.649Z [pilotRoutes] info: Authentiating the user with given information
2023-12-31T05:59:50.920Z [authRoutes] info: Accesing the endpoint1
2023-12-31T05:59:50.931Z [userRoutes] info: Accesing the endpoint
2023-12-31T05:59:50.932Z [bookRoutes] info: Accesing the endpoint
2023-12-31T05:59:50.943Z [pilotRoutes] info: Accesing the endpoint
2023-12-31T06:01:23.258Z [authRoutes] info: Accesing the endpoint1
2023-12-31T06:01:23.269Z [userRoutes] info: Accesing the endpoint
2023-12-31T06:01:23.271Z [bookRoutes] info: Accesing the endpoint
2023-12-31T06:01:23.281Z [pilotRoutes] info: Accesing the endpoint
2023-12-31T06:02:31.124Z [authRoutes] info: Accesing the endpoint1
2023-12-31T06:02:31.135Z [userRoutes] info: Accesing the endpoint
2023-12-31T06:02:31.136Z [bookRoutes] info: Accesing the endpoint
2023-12-31T06:02:31.146Z [pilotRoutes] info: Accesing the endpoint
2023-12-31T06:07:39.117Z [authRoutes] info: Accesing the endpoint1
2023-12-31T06:07:39.128Z [userRoutes] info: Accesing the endpoint
2023-12-31T06:07:39.129Z [bookRoutes] info: Accesing the endpoint
2023-12-31T06:07:39.139Z [pilotRoutes] info: Accesing the endpoint
2023-12-31T06:14:02.843Z [authRoutes] info: Accesing the endpoint1
2023-12-31T06:14:02.855Z [userRoutes] info: Accesing the endpoint
2023-12-31T06:14:02.856Z [bookRoutes] info: Accesing the endpoint
2023-12-31T06:14:02.867Z [pilotRoutes] info: Accesing the endpoint
2023-12-31T06:15:08.297Z [authRoutes] info: Accesing the endpoint1
2023-12-31T06:15:08.308Z [userRoutes] info: Accesing the endpoint
2023-12-31T06:15:08.309Z [bookRoutes] info: Accesing the endpoint
2023-12-31T06:15:08.319Z [pilotRoutes] info: Accesing the endpoint
2023-12-31T06:17:10.626Z [authRoutes] info: Accesing the endpoint1
2023-12-31T06:17:10.637Z [userRoutes] info: Accesing the endpoint
2023-12-31T06:17:10.639Z [bookRoutes] info: Accesing the endpoint
2023-12-31T06:17:10.653Z [pilotRoutes] info: Accesing the endpoint
2023-12-31T06:20:36.322Z [authRoutes] info: Accesing the endpoint1
2023-12-31T06:20:36.334Z [userRoutes] info: Accesing the endpoint
2023-12-31T06:20:36.336Z [bookRoutes] info: Accesing the endpoint
2023-12-31T06:20:36.347Z [pilotRoutes] info: Accesing the endpoint
2023-12-31T06:23:31.483Z [authRoutes] info: Accesing the endpoint1
2023-12-31T06:23:31.496Z [userRoutes] info: Accesing the endpoint
2023-12-31T06:23:31.498Z [bookRoutes] info: Accesing the endpoint
2023-12-31T06:23:31.510Z [pilotRoutes] info: Accesing the endpoint
2023-12-31T06:30:00.381Z [authRoutes] info: Accesing the endpoint1
2023-12-31T06:30:00.393Z [userRoutes] info: Accesing the endpoint
2023-12-31T06:30:00.394Z [bookRoutes] info: Accesing the endpoint
2023-12-31T06:30:00.406Z [pilotRoutes] info: Accesing the endpoint
2023-12-31T06:40:51.230Z [authRoutes] info: Accesing the endpoint1
2023-12-31T06:40:51.242Z [userRoutes] info: Accesing the endpoint
2023-12-31T06:40:51.243Z [bookRoutes] info: Accesing the endpoint
2023-12-31T06:40:51.255Z [pilotRoutes] info: Accesing the endpoint
2023-12-31T06:42:52.337Z [authRoutes] info: Accesing the endpoint1
2023-12-31T06:42:52.348Z [userRoutes] info: Accesing the endpoint
2023-12-31T06:42:52.350Z [bookRoutes] info: Accesing the endpoint
2023-12-31T06:42:52.362Z [pilotRoutes] info: Accesing the endpoint
2023-12-31T07:07:30.456Z [authRoutes] info: Accesing the endpoint1
2023-12-31T07:07:30.468Z [userRoutes] info: Accesing the endpoint
2023-12-31T07:07:30.470Z [bookRoutes] info: Accesing the endpoint
2023-12-31T07:07:30.481Z [pilotRoutes] info: Accesing the endpoint
2023-12-31T07:07:50.961Z [pilotRoutes] info: Authentiating the user with given information
2023-12-31T07:11:42.882Z [authRoutes] info: Accesing the endpoint1
2023-12-31T07:11:42.894Z [userRoutes] info: Accesing the endpoint
2023-12-31T07:11:42.895Z [bookRoutes] info: Accesing the endpoint
2023-12-31T07:11:42.907Z [pilotRoutes] info: Accesing the endpoint
2023-12-31T07:16:03.226Z [authRoutes] info: Accesing the endpoint1
2023-12-31T07:16:03.246Z [userRoutes] info: Accesing the endpoint
2023-12-31T07:16:03.248Z [bookRoutes] info: Accesing the endpoint
2023-12-31T07:16:03.257Z [pilotRoutes] info: Accesing the endpoint
2023-12-31T07:17:43.668Z [authRoutes] info: Accesing the endpoint1
2023-12-31T07:17:43.698Z [userRoutes] info: Accesing the endpoint
2023-12-31T07:17:43.700Z [bookRoutes] info: Accesing the endpoint
2023-12-31T07:17:43.711Z [pilotRoutes] info: Accesing the endpoint
2023-12-31T07:19:28.141Z [authRoutes] info: Accesing the endpoint1
2023-12-31T07:19:28.158Z [userRoutes] info: Accesing the endpoint
2023-12-31T07:19:28.161Z [bookRoutes] info: Accesing the endpoint
2023-12-31T07:19:28.168Z [pilotRoutes] info: Accesing the endpoint
2023-12-31T07:25:29.962Z [authRoutes] info: Accesing the endpoint1
2023-12-31T07:25:29.980Z [userRoutes] info: Accesing the endpoint
2023-12-31T07:25:29.981Z [bookRoutes] info: Accesing the endpoint
2023-12-31T07:25:29.989Z [pilotRoutes] info: Accesing the endpoint
