2024-01-01T05:52:40.957Z [authRoutes] info: Accesing the endpoint1
2024-01-01T05:52:40.975Z [userRoutes] info: Accesing the endpoint
2024-01-01T05:52:40.976Z [bookRoutes] info: Accesing the endpoint
2024-01-01T05:52:40.983Z [pilotRoutes] info: Accesing the endpoint
2024-01-01T06:11:13.510Z [authRoutes] info: Accesing the endpoint1
2024-01-01T06:11:13.523Z [userRoutes] info: Accesing the endpoint
2024-01-01T06:11:13.525Z [bookRoutes] info: Accesing the endpoint
2024-01-01T06:11:13.532Z [pilotRoutes] info: Accesing the endpoint
2024-01-01T06:14:04.450Z [authRoutes] info: Accesing the endpoint1
2024-01-01T06:14:04.465Z [userRoutes] info: Accesing the endpoint
2024-01-01T06:14:04.466Z [bookRoutes] info: Accesing the endpoint
2024-01-01T06:14:04.472Z [pilotRoutes] info: Accesing the endpoint
2024-01-01T06:22:20.700Z [authRoutes] info: Accesing the endpoint1
2024-01-01T06:22:20.714Z [userRoutes] info: Accesing the endpoint
2024-01-01T06:22:20.715Z [bookRoutes] info: Accesing the endpoint
2024-01-01T06:22:20.722Z [pilotRoutes] info: Accesing the endpoint
2024-01-01T06:23:41.010Z [pilotRoutes] info: Authentiating the user with given information
2024-01-01T06:26:35.925Z [authRoutes] info: Accesing the endpoint1
2024-01-01T06:26:35.939Z [userRoutes] info: Accesing the endpoint
2024-01-01T06:26:35.941Z [bookRoutes] info: Accesing the endpoint
2024-01-01T06:26:35.947Z [pilotRoutes] info: Accesing the endpoint
2024-01-01T06:31:18.658Z [authRoutes] info: Accesing the endpoint1
2024-01-01T06:31:18.673Z [userRoutes] info: Accesing the endpoint
2024-01-01T06:31:18.675Z [bookRoutes] info: Accesing the endpoint
2024-01-01T06:31:18.681Z [pilotRoutes] info: Accesing the endpoint
2024-01-01T06:31:31.426Z [authRoutes] info: Accesing the endpoint1
2024-01-01T06:31:31.441Z [userRoutes] info: Accesing the endpoint
2024-01-01T06:31:31.443Z [bookRoutes] info: Accesing the endpoint
2024-01-01T06:31:31.450Z [pilotRoutes] info: Accesing the endpoint
2024-01-01T06:32:21.611Z [authRoutes] info: Accesing the endpoint1
2024-01-01T06:32:21.624Z [userRoutes] info: Accesing the endpoint
2024-01-01T06:32:21.625Z [bookRoutes] info: Accesing the endpoint
2024-01-01T06:32:21.632Z [pilotRoutes] info: Accesing the endpoint
2024-01-01T06:33:40.533Z [authRoutes] info: Accesing the endpoint1
2024-01-01T06:33:40.548Z [userRoutes] info: Accesing the endpoint
2024-01-01T06:33:40.549Z [bookRoutes] info: Accesing the endpoint
2024-01-01T06:33:40.556Z [pilotRoutes] info: Accesing the endpoint
2024-01-01T06:37:55.211Z [authRoutes] info: Accesing the endpoint1
2024-01-01T06:37:55.225Z [userRoutes] info: Accesing the endpoint
2024-01-01T06:37:55.227Z [bookRoutes] info: Accesing the endpoint
2024-01-01T06:37:55.233Z [pilotRoutes] info: Accesing the endpoint
2024-01-01T06:38:55.836Z [authRoutes] info: Accesing the endpoint1
2024-01-01T06:38:55.852Z [userRoutes] info: Accesing the endpoint
2024-01-01T06:38:55.853Z [bookRoutes] info: Accesing the endpoint
2024-01-01T06:38:55.859Z [pilotRoutes] info: Accesing the endpoint
2024-01-01T06:45:01.024Z [authRoutes] info: Accesing the endpoint1
2024-01-01T06:45:01.039Z [userRoutes] info: Accesing the endpoint
2024-01-01T06:45:01.040Z [bookRoutes] info: Accesing the endpoint
2024-01-01T06:45:01.046Z [pilotRoutes] info: Accesing the endpoint
2024-01-01T06:47:24.093Z [authRoutes] info: Accesing the endpoint1
2024-01-01T06:47:24.107Z [userRoutes] info: Accesing the endpoint
2024-01-01T06:47:24.108Z [bookRoutes] info: Accesing the endpoint
2024-01-01T06:47:24.116Z [pilotRoutes] info: Accesing the endpoint
2024-01-01T06:49:03.229Z [authRoutes] info: Accesing the endpoint1
2024-01-01T06:49:03.244Z [userRoutes] info: Accesing the endpoint
2024-01-01T06:49:03.245Z [bookRoutes] info: Accesing the endpoint
2024-01-01T06:49:03.252Z [pilotRoutes] info: Accesing the endpoint
2024-01-01T07:06:27.913Z [authRoutes] info: Accesing the endpoint1
2024-01-01T07:06:27.928Z [userRoutes] info: Accesing the endpoint
2024-01-01T07:06:27.930Z [bookRoutes] info: Accesing the endpoint
2024-01-01T07:06:27.936Z [pilotRoutes] info: Accesing the endpoint
2024-01-01T07:08:51.996Z [authRoutes] info: Accesing the endpoint1
2024-01-01T07:08:52.012Z [userRoutes] info: Accesing the endpoint
2024-01-01T07:08:52.013Z [bookRoutes] info: Accesing the endpoint
2024-01-01T07:08:52.020Z [pilotRoutes] info: Accesing the endpoint
2024-01-01T07:10:00.303Z [authRoutes] info: Accesing the endpoint1
2024-01-01T07:10:00.320Z [userRoutes] info: Accesing the endpoint
2024-01-01T07:10:00.322Z [bookRoutes] info: Accesing the endpoint
2024-01-01T07:10:00.333Z [pilotRoutes] info: Accesing the endpoint
2024-01-01T07:11:29.483Z [authRoutes] info: Accesing the endpoint1
2024-01-01T07:11:29.498Z [userRoutes] info: Accesing the endpoint
2024-01-01T07:11:29.499Z [bookRoutes] info: Accesing the endpoint
2024-01-01T07:11:29.506Z [pilotRoutes] info: Accesing the endpoint
2024-01-01T07:11:47.666Z [pilotRoutes] info: Authentiating the user with given information
2024-01-01T07:14:10.770Z [authRoutes] info: Accesing the endpoint1
2024-01-01T07:14:10.786Z [userRoutes] info: Accesing the endpoint
2024-01-01T07:14:10.788Z [bookRoutes] info: Accesing the endpoint
2024-01-01T07:14:10.795Z [pilotRoutes] info: Accesing the endpoint
2024-01-01T07:18:07.114Z [authRoutes] info: Accesing the endpoint1
2024-01-01T07:18:07.129Z [userRoutes] info: Accesing the endpoint
2024-01-01T07:18:07.131Z [bookRoutes] info: Accesing the endpoint
2024-01-01T07:18:07.137Z [pilotRoutes] info: Accesing the endpoint
2024-01-01T07:20:00.855Z [authRoutes] info: Accesing the endpoint1
2024-01-01T07:20:00.869Z [userRoutes] info: Accesing the endpoint
2024-01-01T07:20:00.870Z [bookRoutes] info: Accesing the endpoint
2024-01-01T07:20:00.875Z [pilotRoutes] info: Accesing the endpoint
2024-01-01T07:21:18.060Z [authRoutes] info: Accesing the endpoint1
2024-01-01T07:21:18.077Z [userRoutes] info: Accesing the endpoint
2024-01-01T07:21:18.078Z [bookRoutes] info: Accesing the endpoint
2024-01-01T07:21:18.084Z [pilotRoutes] info: Accesing the endpoint
2024-01-01T07:23:56.529Z [authRoutes] info: Accesing the endpoint1
2024-01-01T07:23:56.545Z [userRoutes] info: Accesing the endpoint
2024-01-01T07:23:56.547Z [bookRoutes] info: Accesing the endpoint
2024-01-01T07:23:56.553Z [pilotRoutes] info: Accesing the endpoint
2024-01-01T07:24:38.305Z [authRoutes] info: Accesing the endpoint1
2024-01-01T07:24:38.320Z [userRoutes] info: Accesing the endpoint
2024-01-01T07:24:38.322Z [bookRoutes] info: Accesing the endpoint
2024-01-01T07:24:38.328Z [pilotRoutes] info: Accesing the endpoint
2024-01-01T07:26:34.571Z [authRoutes] info: Accesing the endpoint1
2024-01-01T07:26:34.587Z [userRoutes] info: Accesing the endpoint
2024-01-01T07:26:34.589Z [bookRoutes] info: Accesing the endpoint
2024-01-01T07:26:34.596Z [pilotRoutes] info: Accesing the endpoint
2024-01-01T07:31:59.517Z [authRoutes] info: Accesing the endpoint1
2024-01-01T07:31:59.533Z [userRoutes] info: Accesing the endpoint
2024-01-01T07:31:59.534Z [bookRoutes] info: Accesing the endpoint
2024-01-01T07:31:59.541Z [pilotRoutes] info: Accesing the endpoint
2024-01-01T07:38:34.151Z [authRoutes] info: Accesing the endpoint1
2024-01-01T07:38:34.166Z [userRoutes] info: Accesing the endpoint
2024-01-01T07:38:34.168Z [bookRoutes] info: Accesing the endpoint
2024-01-01T07:38:34.175Z [pilotRoutes] info: Accesing the endpoint
2024-01-01T07:39:22.263Z [pilotRoutes] info: Authentiating the user with given information
2024-01-01T08:56:47.369Z [authRoutes] info: Accesing the endpoint1
2024-01-01T08:56:47.395Z [userRoutes] info: Accesing the endpoint
2024-01-01T08:56:47.397Z [bookRoutes] info: Accesing the endpoint
2024-01-01T08:56:47.407Z [pilotRoutes] info: Accesing the endpoint
2024-01-01T09:00:08.368Z [authRoutes] info: Accesing the endpoint1
2024-01-01T09:00:08.382Z [userRoutes] info: Accesing the endpoint
2024-01-01T09:00:08.384Z [bookRoutes] info: Accesing the endpoint
2024-01-01T09:00:08.392Z [pilotRoutes] info: Accesing the endpoint
2024-01-01T09:00:53.587Z [authRoutes] info: Accesing the endpoint1
2024-01-01T09:00:53.606Z [userRoutes] info: Accesing the endpoint
2024-01-01T09:00:53.608Z [bookRoutes] info: Accesing the endpoint
2024-01-01T09:00:53.618Z [pilotRoutes] info: Accesing the endpoint
2024-01-01T09:08:56.691Z [authRoutes] info: Accesing the endpoint1
2024-01-01T09:08:56.724Z [userRoutes] info: Accesing the endpoint
2024-01-01T09:08:56.726Z [bookRoutes] info: Accesing the endpoint
2024-01-01T09:08:56.737Z [pilotRoutes] info: Accesing the endpoint
2024-01-01T09:11:20.546Z [authRoutes] info: Accesing the endpoint1
2024-01-01T09:11:20.565Z [userRoutes] info: Accesing the endpoint
2024-01-01T09:11:20.568Z [bookRoutes] info: Accesing the endpoint
2024-01-01T09:11:20.578Z [pilotRoutes] info: Accesing the endpoint
2024-01-01T09:13:44.207Z [authRoutes] info: Accesing the endpoint1
2024-01-01T09:13:44.227Z [userRoutes] info: Accesing the endpoint
2024-01-01T09:13:44.228Z [bookRoutes] info: Accesing the endpoint
2024-01-01T09:13:44.237Z [pilotRoutes] info: Accesing the endpoint
2024-01-01T09:13:51.944Z [authRoutes] info: Accesing the endpoint1
2024-01-01T09:13:51.967Z [userRoutes] info: Accesing the endpoint
2024-01-01T09:13:51.969Z [bookRoutes] info: Accesing the endpoint
2024-01-01T09:13:51.978Z [pilotRoutes] info: Accesing the endpoint
2024-01-01T09:14:10.500Z [authRoutes] info: Accesing the endpoint1
2024-01-01T09:14:10.520Z [userRoutes] info: Accesing the endpoint
2024-01-01T09:14:10.522Z [bookRoutes] info: Accesing the endpoint
2024-01-01T09:14:10.532Z [pilotRoutes] info: Accesing the endpoint
2024-01-01T09:17:48.117Z [authRoutes] info: Accesing the endpoint1
2024-01-01T09:17:48.158Z [userRoutes] info: Accesing the endpoint
2024-01-01T09:17:48.162Z [bookRoutes] info: Accesing the endpoint
2024-01-01T09:17:48.178Z [pilotRoutes] info: Accesing the endpoint
2024-01-01T09:20:46.160Z [authRoutes] info: Accesing the endpoint1
2024-01-01T09:20:46.183Z [userRoutes] info: Accesing the endpoint
2024-01-01T09:20:46.185Z [bookRoutes] info: Accesing the endpoint
2024-01-01T09:20:46.193Z [pilotRoutes] info: Accesing the endpoint
2024-01-01T09:21:43.702Z [authRoutes] info: Accesing the endpoint1
2024-01-01T09:21:43.738Z [userRoutes] info: Accesing the endpoint
2024-01-01T09:21:43.743Z [bookRoutes] info: Accesing the endpoint
2024-01-01T09:21:43.758Z [pilotRoutes] info: Accesing the endpoint
2024-01-01T09:41:56.642Z [authRoutes] info: Accesing the endpoint1
2024-01-01T09:41:56.667Z [userRoutes] info: Accesing the endpoint
2024-01-01T09:41:56.669Z [bookRoutes] info: Accesing the endpoint
2024-01-01T09:41:56.681Z [pilotRoutes] info: Accesing the endpoint
2024-01-01T09:48:18.697Z [authRoutes] info: Accesing the endpoint1
2024-01-01T09:48:18.717Z [userRoutes] info: Accesing the endpoint
2024-01-01T09:48:18.718Z [bookRoutes] info: Accesing the endpoint
2024-01-01T09:48:18.728Z [pilotRoutes] info: Accesing the endpoint
2024-01-01T09:49:59.350Z [authRoutes] info: Accesing the endpoint1
2024-01-01T09:49:59.368Z [userRoutes] info: Accesing the endpoint
2024-01-01T09:49:59.369Z [bookRoutes] info: Accesing the endpoint
2024-01-01T09:49:59.378Z [pilotRoutes] info: Accesing the endpoint
2024-01-01T09:53:08.025Z [authRoutes] info: Accesing the endpoint1
2024-01-01T09:53:08.041Z [userRoutes] info: Accesing the endpoint
2024-01-01T09:53:08.042Z [bookRoutes] info: Accesing the endpoint
2024-01-01T09:53:08.051Z [pilotRoutes] info: Accesing the endpoint
2024-01-01T09:58:03.470Z [authRoutes] info: Accesing the endpoint1
2024-01-01T09:58:03.491Z [userRoutes] info: Accesing the endpoint
2024-01-01T09:58:03.492Z [bookRoutes] info: Accesing the endpoint
2024-01-01T09:58:03.504Z [pilotRoutes] info: Accesing the endpoint
2024-01-01T10:03:12.549Z [authRoutes] info: Accesing the endpoint1
2024-01-01T10:03:12.572Z [userRoutes] info: Accesing the endpoint
2024-01-01T10:03:12.574Z [bookRoutes] info: Accesing the endpoint
2024-01-01T10:03:12.585Z [pilotRoutes] info: Accesing the endpoint
2024-01-01T10:05:03.347Z [authRoutes] info: Accesing the endpoint1
2024-01-01T10:05:03.363Z [userRoutes] info: Accesing the endpoint
2024-01-01T10:05:03.364Z [bookRoutes] info: Accesing the endpoint
2024-01-01T10:05:03.371Z [pilotRoutes] info: Accesing the endpoint
2024-01-01T10:05:12.267Z [pilotRoutes] info: Authentiating the user with given information
2024-01-01T10:06:04.759Z [authRoutes] info: Accesing the endpoint1
2024-01-01T10:06:04.778Z [userRoutes] info: Accesing the endpoint
2024-01-01T10:06:04.780Z [bookRoutes] info: Accesing the endpoint
2024-01-01T10:06:04.789Z [pilotRoutes] info: Accesing the endpoint
2024-01-01T10:06:07.914Z [pilotRoutes] info: Authentiating the user with given information
